<?xml version="1.0" encoding="UTF-8"?>
<testsuite xmlns:xsi="http://www.w3.org/2001/XMLSchema-instance" xsi:noNamespaceSchemaLocation="https://maven.apache.org/surefire/maven-surefire-plugin/xsd/surefire-test-report-3.0.xsd" version="3.0" name="TestSuite" time="21.643" tests="2" errors="0" skipped="0" failures="1">
  <properties>
[...]
</properties>
  <testcase name="runScenario[&quot;Login with valid credentials&quot;, &quot;Login Page Functionality&quot;](1)" classname="com.appmetry.runner.TestRunner" time="10.075">
    <system-out><![CDATA[
Scenario: Login with valid credentials                                      # src/test/java/resources/features/login.feature:8
Before Test Thread ID: 1
  Given the login page is open                                              # com.appmetry.stepdefinations.LoginStepDef.the_login_page_is_open()
  When User enters username as "test@gmail.com" and password as "Test@1234" # com.appmetry.stepdefinations.LoginStepDef.user_enters_username_as_and_password_as(java.lang.String,java.lang.String)
  And User click the login button                                           # com.appmetry.stepdefinations.LoginStepDef.user_click_the_login_button()
  Then User should successfully login and see "Welcome to our store"        # com.appmetry.stepdefinations.LoginStepDef.user_should_successfully_login_and_see(java.lang.String)
After Test Thread ID: 1
]]></system-out>
    <system-err><![CDATA[SLF4J: Failed to load class "org.slf4j.impl.StaticLoggerBinder".
SLF4J: Defaulting to no-operation (NOP) logger implementation
SLF4J: See http://www.slf4j.org/codes.html#StaticLoggerBinder for further details.
Oct 02, 2023 1:00:19 PM org.openqa.selenium.devtools.CdpVersionFinder findNearestMatch
WARNING: Unable to find an exact match for CDP version 117, so returning the closest version found: 116
]]></system-err>
  </testcase>
  <testcase name="runScenario[&quot;Login with Invalid Logins&quot;, &quot;Login Page Functionality&quot;](2)" classname="com.appmetry.runner.TestRunner" time="8.355">
    <failure message="The step &apos;User should see &quot;I should see &quot;Login was unsuccessful. Please correct the errors and try again.The credentials provided are incorrect&quot;&quot;&apos; is undefined.&#10;You can implement this step using the snippet(s) below:&#10;&#10;@Then(&quot;User should see \&quot;I should see \&quot;Login was unsuccessful. Please correct the errors and try again.The credentials provided are incorrect\&quot;\&quot;&quot;)&#10;public void user_should_see_i_should_see_login_was_unsuccessful_please_correct_the_errors_and_try_again_the_credentials_provided_are_incorrect() {&#10;    // Write code here that turns the phrase above into concrete actions&#10;    throw new io.cucumber.java.PendingException();&#10;}&#10;" type="io.cucumber.testng.UndefinedStepException"><![CDATA[io.cucumber.testng.UndefinedStepException: 
The step 'User should see "I should see "Login was unsuccessful. Please correct the errors and try again.The credentials provided are incorrect""' is undefined.
You can implement this step using the snippet(s) below:

@Then("User should see \"I should see \"Login was unsuccessful. Please correct the errors and try again.The credentials provided are incorrect\"\"")
public void user_should_see_i_should_see_login_was_unsuccessful_please_correct_the_errors_and_try_again_the_credentials_provided_are_incorrect() {
    // Write code here that turns the phrase above into concrete actions
    throw new io.cucumber.java.PendingException();
}

	at io.cucumber.core.runtime.TestCaseResultObserver.assertTestCasePassed(TestCaseResultObserver.java:69)
	at io.cucumber.testng.TestCaseResultObserver.assertTestCasePassed(TestCaseResultObserver.java:23)
	at io.cucumber.testng.TestNGCucumberRunner.lambda$runScenario$1(TestNGCucumberRunner.java:133)
	at io.cucumber.core.runtime.CucumberExecutionContext.lambda$runTestCase$5(CucumberExecutionContext.java:137)
	at io.cucumber.core.runtime.RethrowingThrowableCollector.executeAndThrow(RethrowingThrowableCollector.java:23)
	at io.cucumber.core.runtime.CucumberExecutionContext.runTestCase(CucumberExecutionContext.java:137)
	at io.cucumber.testng.TestNGCucumberRunner.runScenario(TestNGCucumberRunner.java:129)
	at io.cucumber.testng.AbstractTestNGCucumberTests.runScenario(AbstractTestNGCucumberTests.java:35)
	at java.base/jdk.internal.reflect.NativeMethodAccessorImpl.invoke0(Native Method)
	at java.base/jdk.internal.reflect.NativeMethodAccessorImpl.invoke(NativeMethodAccessorImpl.java:77)
	at java.base/jdk.internal.reflect.DelegatingMethodAccessorImpl.invoke(DelegatingMethodAccessorImpl.java:43)
	at java.base/java.lang.reflect.Method.invoke(Method.java:568)
	at org.testng.internal.invokers.MethodInvocationHelper.invokeMethod(MethodInvocationHelper.java:139)
	at org.testng.internal.invokers.TestInvoker.invokeMethod(TestInvoker.java:664)
	at org.testng.internal.invokers.TestInvoker.invokeTestMethod(TestInvoker.java:227)
	at org.testng.internal.invokers.MethodRunner.runInSequence(MethodRunner.java:50)
	at org.testng.internal.invokers.TestInvoker$MethodInvocationAgent.invoke(TestInvoker.java:957)
	at org.testng.internal.invokers.TestInvoker.invokeTestMethods(TestInvoker.java:200)
	at org.testng.internal.invokers.TestMethodWorker.invokeTestMethods(TestMethodWorker.java:148)
	at org.testng.internal.invokers.TestMethodWorker.run(TestMethodWorker.java:128)
	at java.base/java.util.ArrayList.forEach(ArrayList.java:1511)
	at org.testng.TestRunner.privateRun(TestRunner.java:848)
	at org.testng.TestRunner.run(TestRunner.java:621)
	at org.testng.SuiteRunner.runTest(SuiteRunner.java:443)
	at org.testng.SuiteRunner.runSequentially(SuiteRunner.java:437)
	at org.testng.SuiteRunner.privateRun(SuiteRunner.java:397)
	at org.testng.SuiteRunner.run(SuiteRunner.java:336)
	at org.testng.SuiteRunnerWorker.runSuite(SuiteRunnerWorker.java:52)
	at org.testng.SuiteRunnerWorker.run(SuiteRunnerWorker.java:95)
	at org.testng.TestNG.runSuitesSequentially(TestNG.java:1280)
	at org.testng.TestNG.runSuitesLocally(TestNG.java:1200)
	at org.testng.TestNG.runSuites(TestNG.java:1114)
	at org.testng.TestNG.run(TestNG.java:1082)
	at org.apache.maven.surefire.testng.TestNGExecutor.run(TestNGExecutor.java:308)
	at org.apache.maven.surefire.testng.TestNGXmlTestSuite.execute(TestNGXmlTestSuite.java:71)
	at org.apache.maven.surefire.testng.TestNGProvider.invoke(TestNGProvider.java:113)
	at org.apache.maven.surefire.booter.ForkedBooter.runSuitesInProcess(ForkedBooter.java:385)
	at org.apache.maven.surefire.booter.ForkedBooter.execute(ForkedBooter.java:162)
	at org.apache.maven.surefire.booter.ForkedBooter.run(ForkedBooter.java:507)
	at org.apache.maven.surefire.booter.ForkedBooter.main(ForkedBooter.java:495)
]]></failure>
    <system-out><![CDATA[
Scenario Outline: Login with Invalid Logins                                                                                                    # src/test/java/resources/features/login.feature:20
Before Test Thread ID: 1
  Given the login page is open                                                                                                                 # com.appmetry.stepdefinations.LoginStepDef.the_login_page_is_open()
  When User enters username as "user123@gmail.com" and password as "incorrectpass"                                                             # com.appmetry.stepdefinations.LoginStepDef.user_enters_username_as_and_password_as(java.lang.String,java.lang.String)
  And User click the login button                                                                                                              # com.appmetry.stepdefinations.LoginStepDef.user_click_the_login_button()
  Then User should see "I should see "Login was unsuccessful. Please correct the errors and try again.The credentials provided are incorrect""
After Test Thread ID: 1
]]></system-out>
    <system-err><![CDATA[Oct 02, 2023 1:00:26 PM org.openqa.selenium.devtools.CdpVersionFinder findNearestMatch
WARNING: Unable to find an exact match for CDP version 117, so returning the closest version found: 116
]]></system-err>
  </testcase>
</testsuite>