<?xml version="1.0" encoding="UTF-8"?>
<testsuite xmlns:xsi="http://www.w3.org/2001/XMLSchema-instance" xsi:noNamespaceSchemaLocation="https://maven.apache.org/surefire/maven-surefire-plugin/xsd/surefire-test-report-3.0.xsd" version="3.0" name="TestSuite" time="3.687" tests="2" errors="0" skipped="0" failures="2">
  <properties>
[...]
</properties>
  <testcase name="runScenario[&quot;Login with valid credentials&quot;, &quot;Login Page Functionality&quot;](1)" classname="com.appmetry.runner.TestRunner" time="0.407">
    <failure message="Cannot invoke &quot;org.openqa.selenium.WebDriver.findElement(org.openqa.selenium.By)&quot; because &quot;this.driver&quot; is null" type="java.lang.NullPointerException"><![CDATA[java.lang.NullPointerException: Cannot invoke "org.openqa.selenium.WebDriver.findElement(org.openqa.selenium.By)" because "this.driver" is null
	at com.appmetry.pages.LoginPage.redirectToLoginPage(LoginPage.java:81)
	at com.appmetry.stepdefinations.LoginStepDef.the_login_page_is_open(LoginStepDef.java:17)
	at ✽.the login page is open(file:///C:/Users/Appmetry/Project/Java_Cucumber_Framework_Template/src/test/java/resources/features/login.feature:6)
]]></failure>
    <system-out><![CDATA[
Scenario: Login with valid credentials                                      # src/test/java/resources/features/login.feature:8
  Given the login page is open                                              # com.appmetry.stepdefinations.LoginStepDef.the_login_page_is_open()
      java.lang.NullPointerException: Cannot invoke "org.openqa.selenium.WebDriver.findElement(org.openqa.selenium.By)" because "this.driver" is null
	at com.appmetry.pages.LoginPage.redirectToLoginPage(LoginPage.java:81)
	at com.appmetry.stepdefinations.LoginStepDef.the_login_page_is_open(LoginStepDef.java:17)
	at âœ½.the login page is open(file:///C:/Users/Appmetry/Project/Java_Cucumber_Framework_Template/src/test/java/resources/features/login.feature:6)

  When User enters username as "test@gmail.com" and password as "Test@1234" # com.appmetry.stepdefinations.LoginStepDef.user_enters_username_as_and_password_as(java.lang.String,java.lang.String)
  And User click the login button                                           # com.appmetry.stepdefinations.LoginStepDef.user_click_the_login_button()
  Then User should successfully login and see "Welcome to our store"        # com.appmetry.stepdefinations.LoginStepDef.user_should_successfully_login_and_see(java.lang.String)
]]></system-out>
    <system-err><![CDATA[log4j:WARN No appenders could be found for logger (org.testng.TestNG).
log4j:WARN Please initialize the log4j system properly.
log4j:WARN See http://logging.apache.org/log4j/1.2/faq.html#noconfig for more info.
]]></system-err>
  </testcase>
  <testcase name="runScenario[&quot;Login with Invalid Logins&quot;, &quot;Login Page Functionality&quot;](2)" classname="com.appmetry.runner.TestRunner" time="0.023">
    <failure message="Cannot invoke &quot;org.openqa.selenium.WebDriver.findElement(org.openqa.selenium.By)&quot; because &quot;this.driver&quot; is null" type="java.lang.NullPointerException"><![CDATA[java.lang.NullPointerException: Cannot invoke "org.openqa.selenium.WebDriver.findElement(org.openqa.selenium.By)" because "this.driver" is null
	at com.appmetry.pages.LoginPage.redirectToLoginPage(LoginPage.java:81)
	at com.appmetry.stepdefinations.LoginStepDef.the_login_page_is_open(LoginStepDef.java:17)
	at ✽.the login page is open(file:///C:/Users/Appmetry/Project/Java_Cucumber_Framework_Template/src/test/java/resources/features/login.feature:6)
]]></failure>
    <system-out><![CDATA[
Scenario Outline: Login with Invalid Logins                                                                         # src/test/java/resources/features/login.feature:20
  Given the login page is open                                                                                      # com.appmetry.stepdefinations.LoginStepDef.the_login_page_is_open()
      java.lang.NullPointerException: Cannot invoke "org.openqa.selenium.WebDriver.findElement(org.openqa.selenium.By)" because "this.driver" is null
	at com.appmetry.pages.LoginPage.redirectToLoginPage(LoginPage.java:81)
	at com.appmetry.stepdefinations.LoginStepDef.the_login_page_is_open(LoginStepDef.java:17)
	at âœ½.the login page is open(file:///C:/Users/Appmetry/Project/Java_Cucumber_Framework_Template/src/test/java/resources/features/login.feature:6)

  When User enters username as "user123@gmail.com" and password as "incorrectpass"                                  # com.appmetry.stepdefinations.LoginStepDef.user_enters_username_as_and_password_as(java.lang.String,java.lang.String)
  And User click the login button                                                                                   # com.appmetry.stepdefinations.LoginStepDef.user_click_the_login_button()
  Then User should see "Login was unsuccessful. Please correct the errors and try again.
No customer account found" # com.appmetry.stepdefinations.LoginStepDef.user_should_see(java.lang.String)
]]></system-out>
  </testcase>
</testsuite>