<?xml version="1.0" encoding="UTF-8"?>
<!-- Generated by org.testng.reporters.JUnitXMLReporter -->
<testsuite ignored="0" hostname="Chetan" failures="2" tests="2" name="Cucumber Tests" time="2.137" errors="0" timestamp="2023-10-04T10:11:53 IST">
  <testcase classname="io.cucumber.testng.AbstractTestNGCucumberTests" name="runScenario" time="0.396">
    <failure type="java.lang.NullPointerException" message="Cannot invoke &amp;quot;org.openqa.selenium.WebDriver.findElement(org.openqa.selenium.By)&amp;quot; because &amp;quot;this.driver&amp;quot; is null">
      <![CDATA[java.lang.NullPointerException: Cannot invoke "org.openqa.selenium.WebDriver.findElement(org.openqa.selenium.By)" because "this.driver" is null
at com.appmetry.pages.LoginPage.redirectToLoginPage(LoginPage.java:81)
at com.appmetry.stepdefinations.LoginStepDef.the_login_page_is_open(LoginStepDef.java:17)
at ✽.the login page is open(file:///C:/Users/Appmetry/Project/Java_Cucumber_Framework_Template/src/test/java/resources/features/login.feature:6)
]]>
    </failure>
  </testcase> <!-- runScenario -->
  <testcase classname="io.cucumber.testng.AbstractTestNGCucumberTests" name="runScenario" time="0.022">
    <failure type="java.lang.NullPointerException" message="Cannot invoke &amp;quot;org.openqa.selenium.WebDriver.findElement(org.openqa.selenium.By)&amp;quot; because &amp;quot;this.driver&amp;quot; is null">
      <![CDATA[java.lang.NullPointerException: Cannot invoke "org.openqa.selenium.WebDriver.findElement(org.openqa.selenium.By)" because "this.driver" is null
at com.appmetry.pages.LoginPage.redirectToLoginPage(LoginPage.java:81)
at com.appmetry.stepdefinations.LoginStepDef.the_login_page_is_open(LoginStepDef.java:17)
at ✽.the login page is open(file:///C:/Users/Appmetry/Project/Java_Cucumber_Framework_Template/src/test/java/resources/features/login.feature:6)
]]>
    </failure>
  </testcase> <!-- runScenario -->
</testsuite> <!-- Cucumber Tests -->
